<?xml version="1.0" encoding="UTF-8"?>
<!-- Generated by org.testng.reporters.JUnitReportReporter -->
<testsuite skipped="0" hostname="LAPTOP-5DN4VF2K" name="demo.com.tutorialninja.testsuite.MyAccountPageTest" tests="1" failures="0" timestamp="2022-12-12T14:57:09 GMT" time="6.870" errors="0">
  <testcase name="verifyUserShouldNavigateToLoginPageSuccessfully" time="6.870" classname="demo.com.tutorialninja.testsuite.MyAccountPageTest"/>
  <system-out>
    <![CDATA[click On MyAccount Link [[ChromeDriver: chrome on WINDOWS (3b4de20d868663cb7ad13fa7e9f7e7f1)] -> xpath: //span[contains(text(),'My Account')]]
getReturningCustomerMessage[[ChromeDriver: chrome on WINDOWS (3b4de20d868663cb7ad13fa7e9f7e7f1)] -> xpath: //h2[contains(text(),'Returning Customer')]]]]>
  </system-out>
</testsuite> <!-- demo.com.tutorialninja.testsuite.MyAccountPageTest -->
