<?xml version="1.0" encoding="UTF-8"?>
<!-- Generated by org.testng.reporters.JUnitReportReporter -->
<testsuite skipped="0" hostname="LAPTOP-5DN4VF2K" name="demo.com.tutorialninja.testsuite.TopMenuPageTest" tests="1" failures="0" timestamp="2022-12-12T14:57:09 GMT" time="5.266" errors="0">
  <testcase name="verifyUserShouldNavigateToLaptopsAndNotebooksPageSuccessfully" time="5.266" classname="demo.com.tutorialninja.testsuite.TopMenuPageTest"/>
  <system-out>
    <![CDATA[mouseHoverOnLaptopsAndNotebooksTab[[ChromeDriver: chrome on WINDOWS (9272dd1f07648f73bf9864cf6991ea0a)] -> link text: Laptops & Notebooks]
Select menu [[ChromeDriver: chrome on WINDOWS (9272dd1f07648f73bf9864cf6991ea0a)] -> xpath: //nav[@id='menu']//ul/li[contains(@class, 'open')]/div/child::*]
getLaptopsAndNotebooksText[[ChromeDriver: chrome on WINDOWS (9272dd1f07648f73bf9864cf6991ea0a)] -> xpath: //h2[contains(text(),'Laptops & Notebooks')]]]]>
  </system-out>
</testsuite> <!-- demo.com.tutorialninja.testsuite.TopMenuPageTest -->
