<?xml version="1.0" encoding="UTF-8"?>
<!-- Generated by org.testng.reporters.JUnitReportReporter -->
<testsuite skipped="0" hostname="LAPTOP-5DN4VF2K" name="demo.com.tutorialninja.testsuite.LaptopsAndNotebooksPageTest" tests="1" failures="0" timestamp="2022-12-12T14:57:09 GMT" time="15.735" errors="0">
  <testcase name="verifyThatUserPlaceOrderSuccessfully" time="15.735" classname="demo.com.tutorialninja.testsuite.LaptopsAndNotebooksPageTest"/>
  <system-out>
    <![CDATA[MouseHover On LaptopsAndDesktopTab[[ChromeDriver: chrome on WINDOWS (824280d27b04d49388b825891ebc4e5d)] -> link text: Laptops & Notebooks]
clickOnShowAllLaptopsAndNotebooks[[ChromeDriver: chrome on WINDOWS (824280d27b04d49388b825891ebc4e5d)] -> xpath: //a[contains(text(),'Show All Laptops & Notebooks')]]
Sort By PriceHighToLow[[ChromeDriver: chrome on WINDOWS (824280d27b04d49388b825891ebc4e5d)] -> xpath: //select[@id='input-sort']]
Click On MacBookTab[[ChromeDriver: chrome on WINDOWS (824280d27b04d49388b825891ebc4e5d)] -> link text: MacBook]
Click On AddToCartButton[[ChromeDriver: chrome on WINDOWS (824280d27b04d49388b825891ebc4e5d)] -> xpath: //button[@id='button-cart']]
Get SuccessText From Link[[ChromeDriver: chrome on WINDOWS (824280d27b04d49388b825891ebc4e5d)] -> xpath: //div[@class='alert alert-success alert-dismissible']]
Click On ShoppingCart[[ChromeDriver: chrome on WINDOWS (824280d27b04d49388b825891ebc4e5d)] -> xpath: //span[contains(text(),'Shopping Cart')]]
get ShoppingCart Message[[ChromeDriver: chrome on WINDOWS (824280d27b04d49388b825891ebc4e5d)] -> xpath: //a[contains(text(),'Shopping Cart')]]
Get VerifyProduct Macbook[[ChromeDriver: chrome on WINDOWS (824280d27b04d49388b825891ebc4e5d)] -> link text: MacBook]
Click On UpdateCart[[ChromeDriver: chrome on WINDOWS (824280d27b04d49388b825891ebc4e5d)] -> xpath: //button[contains(@data-original-title, 'Update')]]
getSuccessModifiedCartMessage[[ChromeDriver: chrome on WINDOWS (824280d27b04d49388b825891ebc4e5d)] -> xpath: //div[@id='checkout-cart']/div[1]]
Get VerifyTotal[[ChromeDriver: chrome on WINDOWS (824280d27b04d49388b825891ebc4e5d)] -> xpath: //tbody/tr[1]/td[6]]
Click On CheckoutButton[[ChromeDriver: chrome on WINDOWS (824280d27b04d49388b825891ebc4e5d)] -> xpath: //a[contains(text(),'Checkout')]]
Get Checkout Text[[ChromeDriver: chrome on WINDOWS (824280d27b04d49388b825891ebc4e5d)] -> xpath: //h1[contains(text(),'Checkout')]]
Get NewCustomer Text[[ChromeDriver: chrome on WINDOWS (824280d27b04d49388b825891ebc4e5d)] -> xpath: //div[@class='col-sm-6']//h2]
Click On GuestCheckoutRadioButton[[ChromeDriver: chrome on WINDOWS (824280d27b04d49388b825891ebc4e5d)] -> xpath: //input[@name='account' and @value='guest']]
Click On ContinueTab[[ChromeDriver: chrome on WINDOWS (824280d27b04d49388b825891ebc4e5d)] -> xpath: //input[@id='button-account']]
Enter Name Dev in firstname field[[ChromeDriver: chrome on WINDOWS (824280d27b04d49388b825891ebc4e5d)] -> name: firstname]
Enter LastName Coldo in lastname field [[ChromeDriver: chrome on WINDOWS (824280d27b04d49388b825891ebc4e5d)] -> name: lastname]
Enter Email  dev1231q2@gmail.com to email field[[ChromeDriver: chrome on WINDOWS (824280d27b04d49388b825891ebc4e5d)] -> id: input-payment-email]
Enter Telephone 1234567890 in telephone field 1234567890
enter Address[[ChromeDriver: chrome on WINDOWS (824280d27b04d49388b825891ebc4e5d)] -> name: address_1]
Enter City [[ChromeDriver: chrome on WINDOWS (824280d27b04d49388b825891ebc4e5d)] -> name: city]
Enter Postcode[[ChromeDriver: chrome on WINDOWS (824280d27b04d49388b825891ebc4e5d)] -> name: postcode]
enter Country[[ChromeDriver: chrome on WINDOWS (824280d27b04d49388b825891ebc4e5d)] -> id: input-payment-country]
enter Zone[[ChromeDriver: chrome on WINDOWS (824280d27b04d49388b825891ebc4e5d)] -> xpath: //select[@id='input-payment-zone']]
clickOnContinueButton[[ChromeDriver: chrome on WINDOWS (824280d27b04d49388b825891ebc4e5d)] -> xpath: //input[@id='button-guest']]
enterTextToTextArea[[ChromeDriver: chrome on WINDOWS (824280d27b04d49388b825891ebc4e5d)] -> xpath: //textarea[@name='comment']]
clickOnTermsAndConditionsCheckbox[[ChromeDriver: chrome on WINDOWS (824280d27b04d49388b825891ebc4e5d)] -> xpath: //input[@name='agree']]
clickOnFinalContinueButton[[ChromeDriver: chrome on WINDOWS (824280d27b04d49388b825891ebc4e5d)] -> xpath: //input[@id='button-payment-method']]
getWarningPaymentMethodRequiredText[[ChromeDriver: chrome on WINDOWS (824280d27b04d49388b825891ebc4e5d)] -> xpath: //div[@class='alert alert-danger alert-dismissible']]]]>
  </system-out>
</testsuite> <!-- demo.com.tutorialninja.testsuite.LaptopsAndNotebooksPageTest -->
